<?xml version="1.0" encoding="UTF-8" ?>
<testsuites name="vitest tests" tests="81" failures="0" errors="0" time="1.59593">
    <testsuite name="__tests__/attribute-editing.bidirectional.spec.ts" timestamp="2025-10-29T11:34:41.940Z" hostname="BPMHOMEOFFICE" tests="5" failures="0" errors="0" skipped="0" time="0.04347">
        <testcase classname="__tests__/attribute-editing.bidirectional.spec.ts" name="Control Panel bidirectional attribute editing &gt; forwards content changes to Canvas component" time="0.0170774">
        </testcase>
        <testcase classname="__tests__/attribute-editing.bidirectional.spec.ts" name="Control Panel bidirectional attribute editing &gt; forwards styling changes to Canvas component" time="0.0047072">
        </testcase>
        <testcase classname="__tests__/attribute-editing.bidirectional.spec.ts" name="Control Panel bidirectional attribute editing &gt; forwards layout changes to Canvas component" time="0.00318">
        </testcase>
        <testcase classname="__tests__/attribute-editing.bidirectional.spec.ts" name="Control Panel bidirectional attribute editing &gt; Canvas component updates DOM when receiving attribute changes" time="0.0135824">
        </testcase>
        <testcase classname="__tests__/attribute-editing.bidirectional.spec.ts" name="Control Panel bidirectional attribute editing &gt; updates trigger Control Panel refresh for bidirectional sync" time="0.002667">
        </testcase>
    </testsuite>
    <testsuite name="__tests__/attribute-editing.integration.spec.ts" timestamp="2025-10-29T11:34:41.946Z" hostname="BPMHOMEOFFICE" tests="3" failures="0" errors="0" skipped="0" time="0.0559224">
        <testcase classname="__tests__/attribute-editing.integration.spec.ts" name="Control Panel ↔ Canvas Component Integration &gt; demonstrates full bidirectional attribute editing flow" time="0.0454892">
            <system-out>
🎯 Testing content change...
🎨 Testing styling changes...
📐 Testing layout changes...
🔧 Testing variant changes...
✅ Testing disabled state...
🎉 Full bidirectional flow completed successfully!

            </system-out>
        </testcase>
        <testcase classname="__tests__/attribute-editing.integration.spec.ts" name="Control Panel ↔ Canvas Component Integration &gt; handles multiple rapid attribute changes" time="0.0044624">
        </testcase>
        <testcase classname="__tests__/attribute-editing.integration.spec.ts" name="Control Panel ↔ Canvas Component Integration &gt; gracefully handles invalid attribute updates" time="0.003738">
        </testcase>
    </testsuite>
    <testsuite name="__tests__/bidirectional-sync.spec.ts" timestamp="2025-10-29T11:34:41.947Z" hostname="BPMHOMEOFFICE" tests="13" failures="0" errors="0" skipped="0" time="0.2136678">
        <testcase classname="__tests__/bidirectional-sync.spec.ts" name="Control Panel: Bidirectional Sync (Auto-generated Tests) &gt; button component &gt; should extract correct variant when selecting element" time="0.1205842">
        </testcase>
        <testcase classname="__tests__/bidirectional-sync.spec.ts" name="Control Panel: Bidirectional Sync (Auto-generated Tests) &gt; button component &gt; should extract updated variant after DOM class changes" time="0.0122369">
        </testcase>
        <testcase classname="__tests__/bidirectional-sync.spec.ts" name="Control Panel: Bidirectional Sync (Auto-generated Tests) &gt; button component &gt; should extract correct size when selecting element" time="0.011745">
        </testcase>
        <testcase classname="__tests__/bidirectional-sync.spec.ts" name="Control Panel: Bidirectional Sync (Auto-generated Tests) &gt; button component &gt; should extract updated size after DOM class changes" time="0.0093095">
        </testcase>
        <testcase classname="__tests__/bidirectional-sync.spec.ts" name="Control Panel: Bidirectional Sync (Auto-generated Tests) &gt; heading component &gt; should extract correct level when selecting element" time="0.0121258">
        </testcase>
        <testcase classname="__tests__/bidirectional-sync.spec.ts" name="Control Panel: Bidirectional Sync (Auto-generated Tests) &gt; heading component &gt; should extract updated level after DOM class changes" time="0.0057356">
        </testcase>
        <testcase classname="__tests__/bidirectional-sync.spec.ts" name="Control Panel: Bidirectional Sync (Auto-generated Tests) &gt; image component &gt; should extract correct variant when selecting element" time="0.0057685">
        </testcase>
        <testcase classname="__tests__/bidirectional-sync.spec.ts" name="Control Panel: Bidirectional Sync (Auto-generated Tests) &gt; image component &gt; should extract updated variant after DOM class changes" time="0.0045955">
        </testcase>
        <testcase classname="__tests__/bidirectional-sync.spec.ts" name="Control Panel: Bidirectional Sync (Auto-generated Tests) &gt; input component &gt; should extract correct variant when selecting element" time="0.0079449">
        </testcase>
        <testcase classname="__tests__/bidirectional-sync.spec.ts" name="Control Panel: Bidirectional Sync (Auto-generated Tests) &gt; input component &gt; should extract updated variant after DOM class changes" time="0.0053789">
        </testcase>
        <testcase classname="__tests__/bidirectional-sync.spec.ts" name="Control Panel: Bidirectional Sync (Auto-generated Tests) &gt; paragraph component &gt; should extract correct variant when selecting element" time="0.0045008">
        </testcase>
        <testcase classname="__tests__/bidirectional-sync.spec.ts" name="Control Panel: Bidirectional Sync (Auto-generated Tests) &gt; paragraph component &gt; should extract updated variant after DOM class changes" time="0.0035958">
        </testcase>
        <testcase classname="__tests__/bidirectional-sync.spec.ts" name="Control Panel: Bidirectional Sync (Auto-generated Tests) &gt; should preserve fast path for drag/resize operations" time="0.0055811">
        </testcase>
    </testsuite>
    <testsuite name="__tests__/classes.editing.spec.ts" timestamp="2025-10-29T11:34:41.950Z" hostname="BPMHOMEOFFICE" tests="4" failures="0" errors="0" skipped="0" time="0.0411241">
        <testcase classname="__tests__/classes.editing.spec.ts" name="Control Panel class editing sequences &gt; adds CSS class to selected element via stage-crew" time="0.0257935">
        </testcase>
        <testcase classname="__tests__/classes.editing.spec.ts" name="Control Panel class editing sequences &gt; removes CSS class from selected element via stage-crew" time="0.0045821">
        </testcase>
        <testcase classname="__tests__/classes.editing.spec.ts" name="Control Panel class editing sequences &gt; publishes class changes via EventRouter" time="0.0049052">
        </testcase>
        <testcase classname="__tests__/classes.editing.spec.ts" name="Control Panel class editing sequences &gt; handles missing element gracefully for class operations" time="0.0029928">
        </testcase>
    </testsuite>
    <testsuite name="__tests__/css.idempotency.spec.ts" timestamp="2025-10-29T11:34:41.951Z" hostname="BPMHOMEOFFICE" tests="2" failures="0" errors="0" skipped="0" time="0.0084532">
        <testcase classname="__tests__/css.idempotency.spec.ts" name="CSS registry idempotency &gt; createCssClass is idempotent: second create with same content is a success no-op" time="0.0049664">
        </testcase>
        <testcase classname="__tests__/css.idempotency.spec.ts" name="CSS registry idempotency &gt; updateCssClass upserts when missing and no-ops when content unchanged" time="0.0015209">
        </testcase>
    </testsuite>
    <testsuite name="__tests__/dark-mode-form-controls.spec.tsx" timestamp="2025-10-29T11:34:41.952Z" hostname="BPMHOMEOFFICE" tests="5" failures="0" errors="0" skipped="0" time="0.0981006">
        <testcase classname="__tests__/dark-mode-form-controls.spec.tsx" name="Control Panel Dark Mode Form Controls &gt; property-input has correct CSS classes and attributes" time="0.0574293">
            <system-err>
The current testing environment is not configured to support act(...)

            </system-err>
        </testcase>
        <testcase classname="__tests__/dark-mode-form-controls.spec.tsx" name="Control Panel Dark Mode Form Controls &gt; property-select has correct CSS classes and options" time="0.0118302">
            <system-err>
The current testing environment is not configured to support act(...)

            </system-err>
        </testcase>
        <testcase classname="__tests__/dark-mode-form-controls.spec.tsx" name="Control Panel Dark Mode Form Controls &gt; select options inherit dark theme styling" time="0.0105345">
            <system-err>
The current testing environment is not configured to support act(...)

            </system-err>
        </testcase>
        <testcase classname="__tests__/dark-mode-form-controls.spec.tsx" name="Control Panel Dark Mode Form Controls &gt; property-checkbox label uses theme colors" time="0.0100497">
            <system-err>
The current testing environment is not configured to support act(...)

            </system-err>
        </testcase>
        <testcase classname="__tests__/dark-mode-form-controls.spec.tsx" name="Control Panel Dark Mode Form Controls &gt; checkbox-text class uses theme colors" time="0.0053115">
            <system-err>
The current testing environment is not configured to support act(...)

            </system-err>
        </testcase>
    </testsuite>
    <testsuite name="__tests__/eventrouter-communication.spec.ts" timestamp="2025-10-29T11:34:41.954Z" hostname="BPMHOMEOFFICE" tests="5" failures="0" errors="0" skipped="0" time="0.1730157">
        <testcase classname="__tests__/eventrouter-communication.spec.ts" name="Control Panel EventRouter Communication &gt; publishes control.panel.selection.updated events via EventRouter" time="0.0336435">
        </testcase>
        <testcase classname="__tests__/eventrouter-communication.spec.ts" name="Control Panel EventRouter Communication &gt; publishes control.panel.classes.updated events via EventRouter" time="0.029996">
        </testcase>
        <testcase classname="__tests__/eventrouter-communication.spec.ts" name="Control Panel EventRouter Communication &gt; publishes control.panel.css.registry.updated events via EventRouter" time="0.0298172">
        </testcase>
        <testcase classname="__tests__/eventrouter-communication.spec.ts" name="Control Panel EventRouter Communication &gt; allows multiple Control Panel components to listen for selection updates" time="0.0470392">
        </testcase>
        <testcase classname="__tests__/eventrouter-communication.spec.ts" name="Control Panel EventRouter Communication &gt; enables Control Panel UI package to receive symphony events" time="0.0302448">
        </testcase>
    </testsuite>
    <testsuite name="__tests__/exports.spec.ts" timestamp="2025-10-29T11:34:41.956Z" hostname="BPMHOMEOFFICE" tests="3" failures="0" errors="0" skipped="0" time="0.0040106">
        <testcase classname="__tests__/exports.spec.ts" name="@renderx-plugins/control-panel package exports &gt; exports ControlPanel UI component" time="0.0017033">
        </testcase>
        <testcase classname="__tests__/exports.spec.ts" name="@renderx-plugins/control-panel package exports &gt; exports register() function (no-op allowed)" time="0.0002078">
        </testcase>
        <testcase classname="__tests__/exports.spec.ts" name="@renderx-plugins/control-panel package exports &gt; exports selection symphony handlers" time="0.0003872">
        </testcase>
    </testsuite>
    <testsuite name="__tests__/heading-level-sync.spec.ts" timestamp="2025-10-29T11:34:41.956Z" hostname="BPMHOMEOFFICE" tests="4" failures="0" errors="0" skipped="0" time="0.145851">
        <testcase classname="__tests__/heading-level-sync.spec.ts" name="Control Panel: Heading Level Sync (Issue #50) &gt; should extract correct heading level when selecting a heading element" time="0.1160427">
        </testcase>
        <testcase classname="__tests__/heading-level-sync.spec.ts" name="Control Panel: Heading Level Sync (Issue #50) &gt; should extract updated heading level after class change" time="0.0114943">
        </testcase>
        <testcase classname="__tests__/heading-level-sync.spec.ts" name="Control Panel: Heading Level Sync (Issue #50) &gt; should handle heading level extraction from tagName when no class variant" time="0.0078645">
        </testcase>
        <testcase classname="__tests__/heading-level-sync.spec.ts" name="Control Panel: Heading Level Sync (Issue #50) &gt; should preserve fast path for drag/resize operations" time="0.0071949">
        </testcase>
    </testsuite>
    <testsuite name="__tests__/html.code-editor.fallback.spec.ts" timestamp="2025-10-29T11:34:41.957Z" hostname="BPMHOMEOFFICE" tests="1" failures="0" errors="0" skipped="0" time="0.0061178">
        <testcase classname="__tests__/html.code-editor.fallback.spec.ts" name="HTML component markup field fallback &gt; forces code type even if ui.control missing (legacy cached schema)" time="0.00403">
        </testcase>
    </testsuite>
    <testsuite name="__tests__/html.code-editor.mapping.spec.ts" timestamp="2025-10-29T11:34:41.958Z" hostname="BPMHOMEOFFICE" tests="1" failures="0" errors="0" skipped="0" time="0.006292">
        <testcase classname="__tests__/html.code-editor.mapping.spec.ts" name="HTML component markup field &gt; uses code textarea renderer (type=code)" time="0.0039378">
        </testcase>
    </testsuite>
    <testsuite name="__tests__/integration.end-to-end.spec.ts" timestamp="2025-10-29T11:34:41.958Z" hostname="BPMHOMEOFFICE" tests="1" failures="0" errors="0" skipped="0" time="0.1288791">
        <testcase classname="__tests__/integration.end-to-end.spec.ts" name="Control Panel Integration - End to End &gt; complete flow: create element → select → control panel updates → add class → UI updates" time="0.1261617">
        </testcase>
    </testsuite>
    <testsuite name="__tests__/interaction-routing.spec.ts" timestamp="2025-10-29T11:34:41.959Z" hostname="BPMHOMEOFFICE" tests="4" failures="0" errors="0" skipped="0" time="0.0051917">
        <testcase classname="__tests__/interaction-routing.spec.ts" name="Control Panel interaction routing &gt; resolves control.panel.selection.show to ControlPanelPlugin" time="0.002307">
        </testcase>
        <testcase classname="__tests__/interaction-routing.spec.ts" name="Control Panel interaction routing &gt; resolves control.panel.classes.add to ControlPanelPlugin" time="0.0003075">
        </testcase>
        <testcase classname="__tests__/interaction-routing.spec.ts" name="Control Panel interaction routing &gt; resolves control.panel.classes.remove to ControlPanelPlugin" time="0.000311">
        </testcase>
        <testcase classname="__tests__/interaction-routing.spec.ts" name="Control Panel interaction routing &gt; resolves control.panel.update to ControlPanelPlugin" time="0.0002165">
        </testcase>
    </testsuite>
    <testsuite name="__tests__/live-updates.drag-resize.spec.ts" timestamp="2025-10-29T11:34:41.960Z" hostname="BPMHOMEOFFICE" tests="4" failures="0" errors="0" skipped="0" time="0.4900795">
        <testcase classname="__tests__/live-updates.drag-resize.spec.ts" name="Control Panel live updates during drag/resize &gt; forwards drag position updates to Control Panel" time="0.1228878">
        </testcase>
        <testcase classname="__tests__/live-updates.drag-resize.spec.ts" name="Control Panel live updates during drag/resize &gt; forwards resize updates to Control Panel with position and size" time="0.1767414">
        </testcase>
        <testcase classname="__tests__/live-updates.drag-resize.spec.ts" name="Control Panel live updates during drag/resize &gt; Control Panel update sequence derives current position/size from DOM" time="0.0107">
        </testcase>
        <testcase classname="__tests__/live-updates.drag-resize.spec.ts" name="Control Panel live updates during drag/resize &gt; notifies UI observer with updated model during live updates" time="0.1763443">
        </testcase>
    </testsuite>
    <testsuite name="__tests__/observer.store.spec.ts" timestamp="2025-10-29T11:34:41.961Z" hostname="BPMHOMEOFFICE" tests="1" failures="0" errors="0" skipped="0" time="0.0066112">
        <testcase classname="__tests__/observer.store.spec.ts" name="observer.store idempotency &gt; setters are idempotent and clearAll resets observers" time="0.0036642">
        </testcase>
    </testsuite>
    <testsuite name="__tests__/schema-resolver.memo.spec.ts" timestamp="2025-10-29T11:34:41.962Z" hostname="BPMHOMEOFFICE" tests="2" failures="0" errors="0" skipped="0" time="0.0051807">
        <testcase classname="__tests__/schema-resolver.memo.spec.ts" name="SchemaResolverService memoization &gt; dedupes schema fetches across multiple calls and instances" time="0.0028721">
        </testcase>
        <testcase classname="__tests__/schema-resolver.memo.spec.ts" name="SchemaResolverService memoization &gt; registers cached schemas into new instances without refetching" time="0.0004166">
        </testcase>
    </testsuite>
    <testsuite name="__tests__/selection.package-notify.observer.spec.ts" timestamp="2025-10-29T11:34:41.962Z" hostname="BPMHOMEOFFICE" tests="1" failures="0" errors="0" skipped="0" time="0.011829">
        <testcase classname="__tests__/selection.package-notify.observer.spec.ts" name="Control Panel (package) selection notify -&gt; EventRouter &gt; publishes control.panel.selection.updated via EventRouter when notifyUi runs" time="0.0093685">
        </testcase>
    </testsuite>
    <testsuite name="__tests__/selection.sequence-model-and-notify.spec.ts" timestamp="2025-10-29T11:34:41.963Z" hostname="BPMHOMEOFFICE" tests="3" failures="0" errors="0" skipped="0" time="0.1157414">
        <testcase classname="__tests__/selection.sequence-model-and-notify.spec.ts" name="Control Panel selection sequence builds data-driven model &gt; derives selection model from DOM element and component JSON" time="0.1012048">
        </testcase>
        <testcase classname="__tests__/selection.sequence-model-and-notify.spec.ts" name="Control Panel selection sequence builds data-driven model &gt; publishes selection model via EventRouter" time="0.007258">
        </testcase>
        <testcase classname="__tests__/selection.sequence-model-and-notify.spec.ts" name="Control Panel selection sequence builds data-driven model &gt; handles missing element gracefully" time="0.0042106">
        </testcase>
    </testsuite>
    <testsuite name="__tests__/svg.code-editor.mapping.spec.ts" timestamp="2025-10-29T11:34:41.964Z" hostname="BPMHOMEOFFICE" tests="1" failures="0" errors="0" skipped="0" time="0.0077023">
        <testcase classname="__tests__/svg.code-editor.mapping.spec.ts" name="SVG schema → code editor mapping &gt; maps ui.control = code to field.type = &apos;code&apos; and applies preserveAspectRatio enum presets" time="0.0060296">
        </testcase>
    </testsuite>
    <testsuite name="__tests__/ui-init.batched.spec.ts" timestamp="2025-10-29T11:34:41.965Z" hostname="BPMHOMEOFFICE" tests="1" failures="0" errors="0" skipped="0" time="0.0100949">
        <testcase classname="__tests__/ui-init.batched.spec.ts" name="Control Panel UI Init — batched iterator &gt; records sub-beat telemetry for the five init steps when run via iterator" time="0.0075134">
        </testcase>
    </testsuite>
    <testsuite name="__tests__/ui-sequences.spec.ts" timestamp="2025-10-29T11:34:41.965Z" hostname="BPMHOMEOFFICE" tests="17" failures="0" errors="0" skipped="0" time="0.018595">
        <testcase classname="__tests__/ui-sequences.spec.ts" name="Control Panel UI Sequences &gt; ui.init sequence handlers &gt; initConfig should mark config as loaded" time="0.0043416">
        </testcase>
        <testcase classname="__tests__/ui-sequences.spec.ts" name="Control Panel UI Sequences &gt; ui.init sequence handlers &gt; initResolver should create resolver instance" time="0.0012052">
        </testcase>
        <testcase classname="__tests__/ui-sequences.spec.ts" name="Control Panel UI Sequences &gt; ui.init sequence handlers &gt; loadSchemas should mark schemas as loaded" time="0.0009219">
        </testcase>
        <testcase classname="__tests__/ui-sequences.spec.ts" name="Control Panel UI Sequences &gt; ui.init sequence handlers &gt; registerObservers should mark observers as registered" time="0.0004788">
        </testcase>
        <testcase classname="__tests__/ui-sequences.spec.ts" name="Control Panel UI Sequences &gt; ui.init sequence handlers &gt; notifyReady should mark UI as ready" time="0.0006269">
        </testcase>
        <testcase classname="__tests__/ui-sequences.spec.ts" name="Control Panel UI Sequences &gt; ui.render sequence handlers &gt; generateFields should generate empty fields when no resolver" time="0.0012054">
        </testcase>
        <testcase classname="__tests__/ui-sequences.spec.ts" name="Control Panel UI Sequences &gt; ui.render sequence handlers &gt; generateSections should generate empty sections when no resolver" time="0.0006251">
        </testcase>
        <testcase classname="__tests__/ui-sequences.spec.ts" name="Control Panel UI Sequences &gt; ui.render sequence handlers &gt; renderView should mark view as rendered" time="0.000493">
        </testcase>
        <testcase classname="__tests__/ui-sequences.spec.ts" name="Control Panel UI Sequences &gt; ui.field.change sequence handlers &gt; prepareField should prepare field change data" time="0.0008117">
        </testcase>
        <testcase classname="__tests__/ui-sequences.spec.ts" name="Control Panel UI Sequences &gt; ui.field.change sequence handlers &gt; dispatchField should forward to canvas update" time="0.0009727">
        </testcase>
        <testcase classname="__tests__/ui-sequences.spec.ts" name="Control Panel UI Sequences &gt; ui.field.change sequence handlers &gt; setDirty should mark UI as dirty" time="0.0006213">
        </testcase>
        <testcase classname="__tests__/ui-sequences.spec.ts" name="Control Panel UI Sequences &gt; ui.field.change sequence handlers &gt; awaitRefresh should mark refresh as awaited" time="0.0005505">
        </testcase>
        <testcase classname="__tests__/ui-sequences.spec.ts" name="Control Panel UI Sequences &gt; ui.field.validate sequence handlers &gt; validateField should validate field when no resolver" time="0.000732">
        </testcase>
        <testcase classname="__tests__/ui-sequences.spec.ts" name="Control Panel UI Sequences &gt; ui.field.validate sequence handlers &gt; mergeErrors should mark errors as merged" time="0.0006636">
        </testcase>
        <testcase classname="__tests__/ui-sequences.spec.ts" name="Control Panel UI Sequences &gt; ui.field.validate sequence handlers &gt; updateView should mark view as updated" time="0.0006116">
        </testcase>
        <testcase classname="__tests__/ui-sequences.spec.ts" name="Control Panel UI Sequences &gt; ui.section.toggle sequence handlers &gt; toggleSection should toggle section state" time="0.0004368">
        </testcase>
        <testcase classname="__tests__/ui-sequences.spec.ts" name="Control Panel UI Sequences &gt; ui.section.toggle sequence handlers &gt; toggleSection should handle missing sectionId" time="0.0006453">
        </testcase>
    </testsuite>
</testsuites>
